-------------------------------------------------------------------------------
Test set: com.dbtraining.reconx.service.ReconciliationEngineTest
-------------------------------------------------------------------------------
Tests run: 4, Failures: 0, Errors: 4, Skipped: 0, Time elapsed: 0.029 s <<< FAILURE! -- in com.dbtraining.reconx.service.ReconciliationEngineTest
com.dbtraining.reconx.service.ReconciliationEngineTest.testReconcile_missingCounterpartyTrade_returnsBreak -- Time elapsed: 0.002 s <<< ERROR!
java.lang.UnsupportedOperationException: TICKET-ADV033
	at com.dbtraining.reconx.service.ReconciliationEngine.reconcile(ReconciliationEngine.java:52)
	at com.dbtraining.reconx.service.ReconciliationEngineTest.testReconcile_missingCounterpartyTrade_returnsBreak(ReconciliationEngineTest.java:48)
	at java.base/java.lang.reflect.Method.invoke(Method.java:580)
	at java.base/java.util.ArrayList.forEach(ArrayList.java:1596)
	at java.base/java.util.ArrayList.forEach(ArrayList.java:1596)

com.dbtraining.reconx.service.ReconciliationEngineTest.testReconcile_exactMatch_returnsMatched -- Time elapsed: 0.003 s <<< ERROR!
java.lang.UnsupportedOperationException: TICKET-ADV033
	at com.dbtraining.reconx.service.ReconciliationEngine.reconcile(ReconciliationEngine.java:52)
	at com.dbtraining.reconx.service.ReconciliationEngineTest.testReconcile_exactMatch_returnsMatched(ReconciliationEngineTest.java:25)
	at java.base/java.lang.reflect.Method.invoke(Method.java:580)
	at java.base/java.util.ArrayList.forEach(ArrayList.java:1596)
	at java.base/java.util.ArrayList.forEach(ArrayList.java:1596)

com.dbtraining.reconx.service.ReconciliationEngineTest.testReconcile_priceTolerance_withinThreshold -- Time elapsed: 0.002 s <<< ERROR!
java.lang.UnsupportedOperationException: TICKET-ADV033
	at com.dbtraining.reconx.service.ReconciliationEngine.reconcile(ReconciliationEngine.java:52)
	at com.dbtraining.reconx.service.ReconciliationEngineTest.testReconcile_priceTolerance_withinThreshold(ReconciliationEngineTest.java:37)
	at java.base/java.lang.reflect.Method.invoke(Method.java:580)
	at java.base/java.util.ArrayList.forEach(ArrayList.java:1596)
	at java.base/java.util.ArrayList.forEach(ArrayList.java:1596)

com.dbtraining.reconx.service.ReconciliationEngineTest.testReconcile_emptyInternal_returnsEmpty -- Time elapsed: 0.002 s <<< ERROR!
java.lang.UnsupportedOperationException: TICKET-ADV033
	at com.dbtraining.reconx.service.ReconciliationEngine.reconcile(ReconciliationEngine.java:52)
	at com.dbtraining.reconx.service.ReconciliationEngineTest.testReconcile_emptyInternal_returnsEmpty(ReconciliationEngineTest.java:57)
	at java.base/java.lang.reflect.Method.invoke(Method.java:580)
	at java.base/java.util.ArrayList.forEach(ArrayList.java:1596)
	at java.base/java.util.ArrayList.forEach(ArrayList.java:1596)

