-------------------------------------------------------------------------------
Test set: com.dbtraining.reconx.model.EquityTradeTest
-------------------------------------------------------------------------------
Tests run: 3, Failures: 1, Errors: 0, Skipped: 0, Time elapsed: 0.650 s <<< FAILURE! -- in com.dbtraining.reconx.model.EquityTradeTest
com.dbtraining.reconx.model.EquityTradeTest.equality_byTradeRef -- Time elapsed: 0.134 s <<< FAILURE!
org.opentest4j.AssertionFailedError: TICKET-ADV028 not implemented yet
	at org.junit.jupiter.api.AssertionUtils.fail(AssertionUtils.java:38)
	at org.junit.jupiter.api.Assertions.fail(Assertions.java:138)
	at com.dbtraining.reconx.model.EquityTradeTest.equality_byTradeRef(EquityTradeTest.java:39)
	at java.base/java.lang.reflect.Method.invoke(Method.java:580)
	at java.base/java.util.ArrayList.forEach(ArrayList.java:1596)
	at java.base/java.util.ArrayList.forEach(ArrayList.java:1596)

